Build started 11/03/2014 15:10:44.
     1>Project "\\dougal\cs2u$\rxs62u\Desktop\G52CPP CW2013\src\CourseworkBase.vcxproj" on node 2 (Rebuild target(s)).
     1>ClCompile:
         C:\Program Files (x86)\Microsoft Visual Studio 11.0\VC\bin\CL.exe /c /I"..\SDL_ttf-2.0.9\include" /I"..\SDL-1.2.13\include" /ZI /nologo /W1 /WX- /Od /Oy- /Gm- /EHsc /MD /GS /fp:precise /Zc:wchar_t /Zc:forScope /Fo"\\dougal\cs2u$\rxs62u\Desktop\G52CPP CW2013\/Debug\\" /Fd"\\dougal\cs2u$\rxs62u\Desktop\G52CPP CW2013\/Debug\vc110.pdb" /FR"\\dougal\cs2u$\rxs62u\Desktop\G52CPP CW2013\/Debug\\" /Gd /TP /analyze- /errorReport:prompt BaseAMain.cpp mainfunction.cpp BaseEngine.cpp DisplayableObject.cpp FontManager.cpp JPGImage.cpp MyProjectMain.cpp TileManager.cpp BouncingBall.cpp BouncingBallMain.cpp Demo2aMain.cpp Demo2Main.cpp Demo2Object.cpp Demo2TileManager.cpp Demo3Main.cpp Demo3Object.cpp Demo3ObjectFinished.cpp Demo3TileManager.cpp Demo4Main.cpp Demo4Object.cpp Demo4TileManager.cpp
         BaseAMain.cpp
         mainfunction.cpp
         BaseEngine.cpp
         DisplayableObject.cpp
         FontManager.cpp
         JPGImage.cpp
         MyProjectMain.cpp
         TileManager.cpp
         BouncingBall.cpp
         BouncingBallMain.cpp
         Demo2aMain.cpp
         Demo2Main.cpp
         Demo2Object.cpp
         Demo2TileManager.cpp
         Demo3Main.cpp
         Demo3Object.cpp
         Demo3ObjectFinished.cpp
         Demo3TileManager.cpp
         Demo4Main.cpp
         Demo4Object.cpp
         Generating Code...
         Compiling...
         Demo4TileManager.cpp
         Generating Code...
       Link:
         C:\Program Files (x86)\Microsoft Visual Studio 11.0\VC\bin\link.exe /ERRORREPORT:PROMPT /OUT:"\\dougal\cs2u$\rxs62u\Desktop\G52CPP CW2013\/Debug\CourseworkBase.exe" /NOLOGO /LIBPATH:"..\SDL-1.2.13\lib" /LIBPATH:"..\SDL_ttf-2.0.9\lib" sdl.lib sdlmain.lib SDL_ttf.lib SDL_image.lib kernel32.lib user32.lib gdi32.lib winspool.lib comdlg32.lib advapi32.lib shell32.lib ole32.lib oleaut32.lib uuid.lib odbc32.lib odbccp32.lib /MANIFEST /MANIFESTUAC:"level='asInvoker' uiAccess='false'" /manifest:embed /DEBUG /PDB:"\\dougal\cs2u$\rxs62u\Desktop\G52CPP CW2013\/Debug\CourseworkBase.pdb" /MAP:"map" /SUBSYSTEM:CONSOLE /TLBID:1 /ENTRY:"mainCRTStartup" /DYNAMICBASE:NO /IMPLIB:"\\dougal\cs2u$\rxs62u\Desktop\G52CPP CW2013\/Debug\CourseworkBase.lib" /MACHINE:X86 /SAFESEH "\\dougal\cs2u$\rxs62u\Desktop\G52CPP CW2013\/Debug\BaseAMain.obj"
         "\\dougal\cs2u$\rxs62u\Desktop\G52CPP CW2013\/Debug\mainfunction.obj"
         "\\dougal\cs2u$\rxs62u\Desktop\G52CPP CW2013\/Debug\BaseEngine.obj"
         "\\dougal\cs2u$\rxs62u\Desktop\G52CPP CW2013\/Debug\DisplayableObject.obj"
         "\\dougal\cs2u$\rxs62u\Desktop\G52CPP CW2013\/Debug\FontManager.obj"
         "\\dougal\cs2u$\rxs62u\Desktop\G52CPP CW2013\/Debug\JPGImage.obj"
         "\\dougal\cs2u$\rxs62u\Desktop\G52CPP CW2013\/Debug\MyProjectMain.obj"
         "\\dougal\cs2u$\rxs62u\Desktop\G52CPP CW2013\/Debug\TileManager.obj"
         "\\dougal\cs2u$\rxs62u\Desktop\G52CPP CW2013\/Debug\BouncingBall.obj"
         "\\dougal\cs2u$\rxs62u\Desktop\G52CPP CW2013\/Debug\BouncingBallMain.obj"
         "\\dougal\cs2u$\rxs62u\Desktop\G52CPP CW2013\/Debug\Demo2aMain.obj"
         "\\dougal\cs2u$\rxs62u\Desktop\G52CPP CW2013\/Debug\Demo2Main.obj"
         "\\dougal\cs2u$\rxs62u\Desktop\G52CPP CW2013\/Debug\Demo2Object.obj"
         "\\dougal\cs2u$\rxs62u\Desktop\G52CPP CW2013\/Debug\Demo2TileManager.obj"
         "\\dougal\cs2u$\rxs62u\Desktop\G52CPP CW2013\/Debug\Demo3Main.obj"
         "\\dougal\cs2u$\rxs62u\Desktop\G52CPP CW2013\/Debug\Demo3Object.obj"
         "\\dougal\cs2u$\rxs62u\Desktop\G52CPP CW2013\/Debug\Demo3ObjectFinished.obj"
         "\\dougal\cs2u$\rxs62u\Desktop\G52CPP CW2013\/Debug\Demo3TileManager.obj"
         "\\dougal\cs2u$\rxs62u\Desktop\G52CPP CW2013\/Debug\Demo4Main.obj"
         "\\dougal\cs2u$\rxs62u\Desktop\G52CPP CW2013\/Debug\Demo4Object.obj"
         "\\dougal\cs2u$\rxs62u\Desktop\G52CPP CW2013\/Debug\Demo4TileManager.obj"
     1>BaseAMain.obj : warning LNK4075: ignoring '/EDITANDCONTINUE' due to '/SAFESEH' specification
         CourseworkBase.vcxproj -> \\dougal\cs2u$\rxs62u\Desktop\G52CPP CW2013\/Debug\CourseworkBase.exe
       BscMake:
         C:\Program Files (x86)\Microsoft Visual Studio 11.0\VC\bin\bscmake.exe /nologo /o"\\dougal\cs2u$\rxs62u\Desktop\G52CPP CW2013\/Debug\CourseworkBase.bsc" "\\dougal\cs2u$\rxs62u\Desktop\G52CPP CW2013\/Debug\BaseAMain.sbr" "\\dougal\cs2u$\rxs62u\Desktop\G52CPP CW2013\/Debug\mainfunction.sbr" "\\dougal\cs2u$\rxs62u\Desktop\G52CPP CW2013\/Debug\BaseEngine.sbr" "\\dougal\cs2u$\rxs62u\Desktop\G52CPP CW2013\/Debug\DisplayableObject.sbr" "\\dougal\cs2u$\rxs62u\Desktop\G52CPP CW2013\/Debug\FontManager.sbr" "\\dougal\cs2u$\rxs62u\Desktop\G52CPP CW2013\/Debug\JPGImage.sbr" "\\dougal\cs2u$\rxs62u\Desktop\G52CPP CW2013\/Debug\MyProjectMain.sbr" "\\dougal\cs2u$\rxs62u\Desktop\G52CPP CW2013\/Debug\TileManager.sbr" "\\dougal\cs2u$\rxs62u\Desktop\G52CPP CW2013\/Debug\BouncingBall.sbr" "\\dougal\cs2u$\rxs62u\Desktop\G52CPP CW2013\/Debug\BouncingBallMain.sbr" "\\dougal\cs2u$\rxs62u\Desktop\G52CPP CW2013\/Debug\Demo2aMain.sbr" "\\dougal\cs2u$\rxs62u\Desktop\G52CPP CW2013\/Debug\Demo2Main.sbr" "\\dougal\cs2u$\rxs62u\Desktop\G52CPP CW2013\/Debug\Demo2Object.sbr" "\\dougal\cs2u$\rxs62u\Desktop\G52CPP CW2013\/Debug\Demo2TileManager.sbr" "\\dougal\cs2u$\rxs62u\Desktop\G52CPP CW2013\/Debug\Demo3Main.sbr" "\\dougal\cs2u$\rxs62u\Desktop\G52CPP CW2013\/Debug\Demo3Object.sbr" "\\dougal\cs2u$\rxs62u\Desktop\G52CPP CW2013\/Debug\Demo3ObjectFinished.sbr" "\\dougal\cs2u$\rxs62u\Desktop\G52CPP CW2013\/Debug\Demo3TileManager.sbr" "\\dougal\cs2u$\rxs62u\Desktop\G52CPP CW2013\/Debug\Demo4Main.sbr" "\\dougal\cs2u$\rxs62u\Desktop\G52CPP CW2013\/Debug\Demo4Object.sbr" "\\dougal\cs2u$\rxs62u\Desktop\G52CPP CW2013\/Debug\Demo4TileManager.sbr"
     1>Done Building Project "\\dougal\cs2u$\rxs62u\Desktop\G52CPP CW2013\src\CourseworkBase.vcxproj" (Rebuild target(s)).

Build succeeded.

Time Elapsed 00:00:07.85
