C:\USERS\RYAN\DOCUMENTS\GITHUB\G52CPP\DEBUG\COURSEWORKBASE.BSC
C:\USERS\RYAN\DOCUMENTS\GITHUB\G52CPP\DEBUG\MAINFUNCTION.SBR
C:\USERS\RYAN\DOCUMENTS\GITHUB\G52CPP\DEBUG\BASEENGINE.SBR
C:\USERS\RYAN\DOCUMENTS\GITHUB\G52CPP\DEBUG\DISPLAYABLEOBJECT.SBR
C:\USERS\RYAN\DOCUMENTS\GITHUB\G52CPP\DEBUG\FONTMANAGER.SBR
C:\USERS\RYAN\DOCUMENTS\GITHUB\G52CPP\DEBUG\JPGIMAGE.SBR
C:\USERS\RYAN\DOCUMENTS\GITHUB\G52CPP\DEBUG\MAINMENU.SBR
C:\USERS\RYAN\DOCUMENTS\GITHUB\G52CPP\DEBUG\MYPROJECTMAIN.SBR
C:\USERS\RYAN\DOCUMENTS\GITHUB\G52CPP\DEBUG\NETWORK.SBR
C:\USERS\RYAN\DOCUMENTS\GITHUB\G52CPP\DEBUG\PLAYERWALL.SBR
C:\USERS\RYAN\DOCUMENTS\GITHUB\G52CPP\DEBUG\TILEMANAGER.SBR
C:\USERS\RYAN\DOCUMENTS\GITHUB\G52CPP\DEBUG\BOUNCINGBALL.SBR
C:\USERS\RYAN\DOCUMENTS\GITHUB\G52CPP\DEBUG\BOUNCINGBALLMAIN.SBR
C:\USERS\RYAN\DOCUMENTS\GITHUB\G52CPP\DEBUG\DEMO2AMAIN.SBR
C:\USERS\RYAN\DOCUMENTS\GITHUB\G52CPP\DEBUG\DEMO2MAIN.SBR
C:\USERS\RYAN\DOCUMENTS\GITHUB\G52CPP\DEBUG\DEMO2OBJECT.SBR
C:\USERS\RYAN\DOCUMENTS\GITHUB\G52CPP\DEBUG\DEMO2TILEMANAGER.SBR
C:\USERS\RYAN\DOCUMENTS\GITHUB\G52CPP\DEBUG\DEMO3MAIN.SBR
C:\USERS\RYAN\DOCUMENTS\GITHUB\G52CPP\DEBUG\DEMO3OBJECT.SBR
C:\USERS\RYAN\DOCUMENTS\GITHUB\G52CPP\DEBUG\DEMO3OBJECTFINISHED.SBR
C:\USERS\RYAN\DOCUMENTS\GITHUB\G52CPP\DEBUG\DEMO3TILEMANAGER.SBR
C:\USERS\RYAN\DOCUMENTS\GITHUB\G52CPP\DEBUG\DEMO3TILEMANAGER.OBJ
C:\USERS\RYAN\DOCUMENTS\GITHUB\G52CPP\DEBUG\DEMO3OBJECTFINISHED.OBJ
C:\USERS\RYAN\DOCUMENTS\GITHUB\G52CPP\DEBUG\DEMO3OBJECT.OBJ
C:\USERS\RYAN\DOCUMENTS\GITHUB\G52CPP\DEBUG\DEMO3MAIN.OBJ
C:\USERS\RYAN\DOCUMENTS\GITHUB\G52CPP\DEBUG\DEMO2TILEMANAGER.OBJ
C:\USERS\RYAN\DOCUMENTS\GITHUB\G52CPP\DEBUG\DEMO2OBJECT.OBJ
C:\USERS\RYAN\DOCUMENTS\GITHUB\G52CPP\DEBUG\DEMO2MAIN.OBJ
C:\USERS\RYAN\DOCUMENTS\GITHUB\G52CPP\DEBUG\DEMO2AMAIN.OBJ
C:\USERS\RYAN\DOCUMENTS\GITHUB\G52CPP\DEBUG\BOUNCINGBALLMAIN.OBJ
C:\USERS\RYAN\DOCUMENTS\GITHUB\G52CPP\DEBUG\BOUNCINGBALL.OBJ
C:\USERS\RYAN\DOCUMENTS\GITHUB\G52CPP\DEBUG\TILEMANAGER.OBJ
C:\USERS\RYAN\DOCUMENTS\GITHUB\G52CPP\DEBUG\PLAYERWALL.OBJ
C:\USERS\RYAN\DOCUMENTS\GITHUB\G52CPP\DEBUG\NETWORK.OBJ
C:\USERS\RYAN\DOCUMENTS\GITHUB\G52CPP\DEBUG\MYPROJECTMAIN.OBJ
C:\USERS\RYAN\DOCUMENTS\GITHUB\G52CPP\DEBUG\MAINMENU.OBJ
C:\USERS\RYAN\DOCUMENTS\GITHUB\G52CPP\DEBUG\JPGIMAGE.OBJ
C:\USERS\RYAN\DOCUMENTS\GITHUB\G52CPP\DEBUG\FONTMANAGER.OBJ
C:\USERS\RYAN\DOCUMENTS\GITHUB\G52CPP\DEBUG\DISPLAYABLEOBJECT.OBJ
C:\USERS\RYAN\DOCUMENTS\GITHUB\G52CPP\DEBUG\BASEENGINE.OBJ
C:\USERS\RYAN\DOCUMENTS\GITHUB\G52CPP\DEBUG\MAINFUNCTION.OBJ
C:\USERS\RYAN\DOCUMENTS\GITHUB\G52CPP\DEBUG\DEMO4MAIN.SBR
C:\USERS\RYAN\DOCUMENTS\GITHUB\G52CPP\DEBUG\DEMO4OBJECT.SBR
C:\USERS\RYAN\DOCUMENTS\GITHUB\G52CPP\DEBUG\DEMO4TILEMANAGER.SBR
C:\USERS\RYAN\DOCUMENTS\GITHUB\G52CPP\DEBUG\DEMO4TILEMANAGER.OBJ
C:\USERS\RYAN\DOCUMENTS\GITHUB\G52CPP\DEBUG\DEMO4OBJECT.OBJ
C:\USERS\RYAN\DOCUMENTS\GITHUB\G52CPP\DEBUG\DEMO4MAIN.OBJ
C:\USERS\RYAN\DOCUMENTS\GITHUB\G52CPP\DEBUG\VC110.PDB
C:\USERS\RYAN\DOCUMENTS\GITHUB\G52CPP\DEBUG\PLAYERWALLAI.SBR
C:\USERS\RYAN\DOCUMENTS\GITHUB\G52CPP\DEBUG\PLAYERWALLAI.OBJ
C:\USERS\RYAN\DOCUMENTS\GITHUB\G52CPP\DEBUG\PONGMAIN.SBR
C:\USERS\RYAN\DOCUMENTS\GITHUB\G52CPP\DEBUG\PONGMAIN.OBJ
C:\USERS\RYAN\DOCUMENTS\GITHUB\G52CPP\DEBUG\BALL.SBR
C:\USERS\RYAN\DOCUMENTS\GITHUB\G52CPP\DEBUG\BALL.OBJ
C:\USERS\RYAN\DOCUMENTS\GITHUB\G52CPP\DEBUG\COURSEWORKBASE.ILK
C:\USERS\RYAN\DOCUMENTS\GITHUB\G52CPP\DEBUG\COURSEWORKBASE.EXE
C:\USERS\RYAN\DOCUMENTS\GITHUB\G52CPP\SRC\MAP
C:\USERS\RYAN\DOCUMENTS\GITHUB\G52CPP\DEBUG\COURSEWORKBASE.PDB
C:\Users\Ryan\Documents\GitHub\G52CPP\Debug\Ball.obj
C:\Users\Ryan\Documents\GitHub\G52CPP\Debug\BaseEngine.obj
C:\Users\Ryan\Documents\GitHub\G52CPP\Debug\BouncingBall.obj
C:\Users\Ryan\Documents\GitHub\G52CPP\Debug\BouncingBallMain.obj
C:\Users\Ryan\Documents\GitHub\G52CPP\Debug\Demo2aMain.obj
C:\Users\Ryan\Documents\GitHub\G52CPP\Debug\Demo2Main.obj
C:\Users\Ryan\Documents\GitHub\G52CPP\Debug\Demo2Object.obj
C:\Users\Ryan\Documents\GitHub\G52CPP\Debug\Demo2TileManager.obj
C:\Users\Ryan\Documents\GitHub\G52CPP\Debug\Demo3Main.obj
C:\Users\Ryan\Documents\GitHub\G52CPP\Debug\Demo3Object.obj
C:\Users\Ryan\Documents\GitHub\G52CPP\Debug\Demo3ObjectFinished.obj
C:\Users\Ryan\Documents\GitHub\G52CPP\Debug\Demo3TileManager.obj
C:\Users\Ryan\Documents\GitHub\G52CPP\Debug\Demo4Main.obj
C:\Users\Ryan\Documents\GitHub\G52CPP\Debug\Demo4Object.obj
C:\Users\Ryan\Documents\GitHub\G52CPP\Debug\Demo4TileManager.obj
C:\Users\Ryan\Documents\GitHub\G52CPP\Debug\DisplayableObject.obj
C:\Users\Ryan\Documents\GitHub\G52CPP\Debug\FontManager.obj
C:\Users\Ryan\Documents\GitHub\G52CPP\Debug\JPGImage.obj
C:\Users\Ryan\Documents\GitHub\G52CPP\Debug\mainfunction.obj
C:\Users\Ryan\Documents\GitHub\G52CPP\Debug\MainMenu.obj
C:\Users\Ryan\Documents\GitHub\G52CPP\Debug\MyProjectMain.obj
C:\Users\Ryan\Documents\GitHub\G52CPP\Debug\Network.obj
C:\Users\Ryan\Documents\GitHub\G52CPP\Debug\PlayerWall.obj
C:\Users\Ryan\Documents\GitHub\G52CPP\Debug\PlayerWallAI.obj
C:\Users\Ryan\Documents\GitHub\G52CPP\Debug\PongMain.obj
C:\Users\Ryan\Documents\GitHub\G52CPP\Debug\TileManager.obj
C:\Users\Ryan\Documents\GitHub\G52CPP\Debug\CourseworkBase.ilk
C:\Users\Ryan\Documents\GitHub\G52CPP\Debug\BscMake.command.1.tlog
C:\Users\Ryan\Documents\GitHub\G52CPP\Debug\bscmake.read.1.tlog
C:\Users\Ryan\Documents\GitHub\G52CPP\Debug\bscmake.write.1.tlog
C:\Users\Ryan\Documents\GitHub\G52CPP\Debug\cl.command.1.tlog
C:\Users\Ryan\Documents\GitHub\G52CPP\Debug\CL.read.1.tlog
C:\Users\Ryan\Documents\GitHub\G52CPP\Debug\CL.write.1.tlog
C:\Users\Ryan\Documents\GitHub\G52CPP\Debug\link-cvtres.read.1.tlog
C:\Users\Ryan\Documents\GitHub\G52CPP\Debug\link-cvtres.write.1.tlog
C:\Users\Ryan\Documents\GitHub\G52CPP\Debug\link-rc.read.1.tlog
C:\Users\Ryan\Documents\GitHub\G52CPP\Debug\link-rc.write.1.tlog
C:\Users\Ryan\Documents\GitHub\G52CPP\Debug\link.10644-cvtres.read.1.tlog
C:\Users\Ryan\Documents\GitHub\G52CPP\Debug\link.10644-cvtres.write.1.tlog
C:\Users\Ryan\Documents\GitHub\G52CPP\Debug\link.10644-rc.read.1.tlog
C:\Users\Ryan\Documents\GitHub\G52CPP\Debug\link.10644-rc.write.1.tlog
C:\Users\Ryan\Documents\GitHub\G52CPP\Debug\link.10644.read.1.tlog
C:\Users\Ryan\Documents\GitHub\G52CPP\Debug\link.10644.write.1.tlog
C:\Users\Ryan\Documents\GitHub\G52CPP\Debug\link.1096-cvtres.read.1.tlog
C:\Users\Ryan\Documents\GitHub\G52CPP\Debug\link.1096-cvtres.write.1.tlog
C:\Users\Ryan\Documents\GitHub\G52CPP\Debug\link.1096-rc.read.1.tlog
C:\Users\Ryan\Documents\GitHub\G52CPP\Debug\link.1096-rc.write.1.tlog
C:\Users\Ryan\Documents\GitHub\G52CPP\Debug\link.1096.read.1.tlog
C:\Users\Ryan\Documents\GitHub\G52CPP\Debug\link.1096.write.1.tlog
C:\Users\Ryan\Documents\GitHub\G52CPP\Debug\link.11032-cvtres.read.1.tlog
C:\Users\Ryan\Documents\GitHub\G52CPP\Debug\link.11032-cvtres.write.1.tlog
C:\Users\Ryan\Documents\GitHub\G52CPP\Debug\link.11032-rc.read.1.tlog
C:\Users\Ryan\Documents\GitHub\G52CPP\Debug\link.11032-rc.write.1.tlog
C:\Users\Ryan\Documents\GitHub\G52CPP\Debug\link.11032.read.1.tlog
C:\Users\Ryan\Documents\GitHub\G52CPP\Debug\link.11032.write.1.tlog
C:\Users\Ryan\Documents\GitHub\G52CPP\Debug\link.11140-cvtres.read.1.tlog
C:\Users\Ryan\Documents\GitHub\G52CPP\Debug\link.11140-cvtres.write.1.tlog
C:\Users\Ryan\Documents\GitHub\G52CPP\Debug\link.11140-rc.read.1.tlog
C:\Users\Ryan\Documents\GitHub\G52CPP\Debug\link.11140-rc.write.1.tlog
C:\Users\Ryan\Documents\GitHub\G52CPP\Debug\link.11140.read.1.tlog
C:\Users\Ryan\Documents\GitHub\G52CPP\Debug\link.11140.write.1.tlog
C:\Users\Ryan\Documents\GitHub\G52CPP\Debug\link.196-cvtres.read.1.tlog
C:\Users\Ryan\Documents\GitHub\G52CPP\Debug\link.196-cvtres.write.1.tlog
C:\Users\Ryan\Documents\GitHub\G52CPP\Debug\link.196-rc.read.1.tlog
C:\Users\Ryan\Documents\GitHub\G52CPP\Debug\link.196-rc.write.1.tlog
C:\Users\Ryan\Documents\GitHub\G52CPP\Debug\link.196.read.1.tlog
C:\Users\Ryan\Documents\GitHub\G52CPP\Debug\link.196.write.1.tlog
C:\Users\Ryan\Documents\GitHub\G52CPP\Debug\link.3096-cvtres.read.1.tlog
C:\Users\Ryan\Documents\GitHub\G52CPP\Debug\link.3096-cvtres.write.1.tlog
C:\Users\Ryan\Documents\GitHub\G52CPP\Debug\link.3096-rc.read.1.tlog
C:\Users\Ryan\Documents\GitHub\G52CPP\Debug\link.3096-rc.write.1.tlog
C:\Users\Ryan\Documents\GitHub\G52CPP\Debug\link.3096.read.1.tlog
C:\Users\Ryan\Documents\GitHub\G52CPP\Debug\link.3096.write.1.tlog
C:\Users\Ryan\Documents\GitHub\G52CPP\Debug\link.488-cvtres.read.1.tlog
C:\Users\Ryan\Documents\GitHub\G52CPP\Debug\link.488-cvtres.write.1.tlog
C:\Users\Ryan\Documents\GitHub\G52CPP\Debug\link.488-rc.read.1.tlog
C:\Users\Ryan\Documents\GitHub\G52CPP\Debug\link.488-rc.write.1.tlog
C:\Users\Ryan\Documents\GitHub\G52CPP\Debug\link.488.read.1.tlog
C:\Users\Ryan\Documents\GitHub\G52CPP\Debug\link.488.write.1.tlog
C:\Users\Ryan\Documents\GitHub\G52CPP\Debug\link.6056-cvtres.read.1.tlog
C:\Users\Ryan\Documents\GitHub\G52CPP\Debug\link.6056-cvtres.write.1.tlog
C:\Users\Ryan\Documents\GitHub\G52CPP\Debug\link.6056-rc.read.1.tlog
C:\Users\Ryan\Documents\GitHub\G52CPP\Debug\link.6056-rc.write.1.tlog
C:\Users\Ryan\Documents\GitHub\G52CPP\Debug\link.6056.read.1.tlog
C:\Users\Ryan\Documents\GitHub\G52CPP\Debug\link.6056.write.1.tlog
C:\Users\Ryan\Documents\GitHub\G52CPP\Debug\link.6176-cvtres.read.1.tlog
C:\Users\Ryan\Documents\GitHub\G52CPP\Debug\link.6176-cvtres.write.1.tlog
C:\Users\Ryan\Documents\GitHub\G52CPP\Debug\link.6176-rc.read.1.tlog
C:\Users\Ryan\Documents\GitHub\G52CPP\Debug\link.6176-rc.write.1.tlog
C:\Users\Ryan\Documents\GitHub\G52CPP\Debug\link.6176.read.1.tlog
C:\Users\Ryan\Documents\GitHub\G52CPP\Debug\link.6176.write.1.tlog
C:\Users\Ryan\Documents\GitHub\G52CPP\Debug\link.7384-cvtres.read.1.tlog
C:\Users\Ryan\Documents\GitHub\G52CPP\Debug\link.7384-cvtres.write.1.tlog
C:\Users\Ryan\Documents\GitHub\G52CPP\Debug\link.7384-rc.read.1.tlog
C:\Users\Ryan\Documents\GitHub\G52CPP\Debug\link.7384-rc.write.1.tlog
C:\Users\Ryan\Documents\GitHub\G52CPP\Debug\link.7384.read.1.tlog
C:\Users\Ryan\Documents\GitHub\G52CPP\Debug\link.7384.write.1.tlog
C:\Users\Ryan\Documents\GitHub\G52CPP\Debug\link.752-cvtres.read.1.tlog
C:\Users\Ryan\Documents\GitHub\G52CPP\Debug\link.752-cvtres.write.1.tlog
C:\Users\Ryan\Documents\GitHub\G52CPP\Debug\link.752-rc.read.1.tlog
C:\Users\Ryan\Documents\GitHub\G52CPP\Debug\link.752-rc.write.1.tlog
C:\Users\Ryan\Documents\GitHub\G52CPP\Debug\link.752.read.1.tlog
C:\Users\Ryan\Documents\GitHub\G52CPP\Debug\link.752.write.1.tlog
C:\Users\Ryan\Documents\GitHub\G52CPP\Debug\link.8496-cvtres.read.1.tlog
C:\Users\Ryan\Documents\GitHub\G52CPP\Debug\link.8496-cvtres.write.1.tlog
C:\Users\Ryan\Documents\GitHub\G52CPP\Debug\link.8496-rc.read.1.tlog
C:\Users\Ryan\Documents\GitHub\G52CPP\Debug\link.8496-rc.write.1.tlog
C:\Users\Ryan\Documents\GitHub\G52CPP\Debug\link.8496.read.1.tlog
C:\Users\Ryan\Documents\GitHub\G52CPP\Debug\link.8496.write.1.tlog
C:\Users\Ryan\Documents\GitHub\G52CPP\Debug\link.9964-cvtres.read.1.tlog
C:\Users\Ryan\Documents\GitHub\G52CPP\Debug\link.9964-cvtres.write.1.tlog
C:\Users\Ryan\Documents\GitHub\G52CPP\Debug\link.9964-rc.read.1.tlog
C:\Users\Ryan\Documents\GitHub\G52CPP\Debug\link.9964-rc.write.1.tlog
C:\Users\Ryan\Documents\GitHub\G52CPP\Debug\link.9964.read.1.tlog
C:\Users\Ryan\Documents\GitHub\G52CPP\Debug\link.9964.write.1.tlog
C:\Users\Ryan\Documents\GitHub\G52CPP\Debug\link.command.1.tlog
C:\Users\Ryan\Documents\GitHub\G52CPP\Debug\link.read.1.tlog
C:\Users\Ryan\Documents\GitHub\G52CPP\Debug\link.write.1.tlog
C:\Users\Ryan\Documents\GitHub\G52CPP\Debug\vc110.idb
C:\Users\Ryan\Documents\GitHub\G52CPP\Debug\CourseworkBase.pdb
C:\Users\Ryan\Documents\GitHub\G52CPP\Debug\vc110.pdb
C:\Users\Ryan\Documents\GitHub\G52CPP\Debug\CourseworkBase.bsc
C:\Users\Ryan\Documents\GitHub\G52CPP\Debug\Ball.sbr
C:\Users\Ryan\Documents\GitHub\G52CPP\Debug\BaseEngine.sbr
C:\Users\Ryan\Documents\GitHub\G52CPP\Debug\BouncingBall.sbr
C:\Users\Ryan\Documents\GitHub\G52CPP\Debug\BouncingBallMain.sbr
C:\Users\Ryan\Documents\GitHub\G52CPP\Debug\Demo2aMain.sbr
C:\Users\Ryan\Documents\GitHub\G52CPP\Debug\Demo2Main.sbr
C:\Users\Ryan\Documents\GitHub\G52CPP\Debug\Demo2Object.sbr
C:\Users\Ryan\Documents\GitHub\G52CPP\Debug\Demo2TileManager.sbr
C:\Users\Ryan\Documents\GitHub\G52CPP\Debug\Demo3Main.sbr
C:\Users\Ryan\Documents\GitHub\G52CPP\Debug\Demo3Object.sbr
C:\Users\Ryan\Documents\GitHub\G52CPP\Debug\Demo3ObjectFinished.sbr
C:\Users\Ryan\Documents\GitHub\G52CPP\Debug\Demo3TileManager.sbr
C:\Users\Ryan\Documents\GitHub\G52CPP\Debug\Demo4Main.sbr
C:\Users\Ryan\Documents\GitHub\G52CPP\Debug\Demo4Object.sbr
C:\Users\Ryan\Documents\GitHub\G52CPP\Debug\Demo4TileManager.sbr
C:\Users\Ryan\Documents\GitHub\G52CPP\Debug\DisplayableObject.sbr
C:\Users\Ryan\Documents\GitHub\G52CPP\Debug\FontManager.sbr
C:\Users\Ryan\Documents\GitHub\G52CPP\Debug\JPGImage.sbr
C:\Users\Ryan\Documents\GitHub\G52CPP\Debug\mainfunction.sbr
C:\Users\Ryan\Documents\GitHub\G52CPP\Debug\MainMenu.sbr
C:\Users\Ryan\Documents\GitHub\G52CPP\Debug\MyProjectMain.sbr
C:\Users\Ryan\Documents\GitHub\G52CPP\Debug\Network.sbr
C:\Users\Ryan\Documents\GitHub\G52CPP\Debug\PlayerWall.sbr
C:\Users\Ryan\Documents\GitHub\G52CPP\Debug\PlayerWallAI.sbr
C:\Users\Ryan\Documents\GitHub\G52CPP\Debug\PongMain.sbr
C:\Users\Ryan\Documents\GitHub\G52CPP\Debug\TileManager.sbr
C:\Users\Ryan\Documents\GitHub\G52CPP\/Debug\CourseworkBase.pdb
C:\Users\Ryan\Documents\GitHub\G52CPP\/Debug\CourseworkBase.exe
C:\Users\Ryan\Documents\GitHub\G52CPP\/Debug\CourseworkBase.bsc
C:\Users\Ryan\Documents\GitHub\G52CPP\/Debug\CourseworkBase.ilk
